<?xml version="1.0" encoding="UTF-8"?>
<testsuite xmlns:xsi="http://www.w3.org/2001/XMLSchema-instance" xsi:noNamespaceSchemaLocation="https://maven.apache.org/surefire/maven-surefire-plugin/xsd/surefire-test-report.xsd" name="com.jatismobile.unittest.services.unittest.OrderServiceTests" time="0.026" tests="2" errors="0" skipped="0" failures="0">
  <properties>
[...]
</properties>
  <testcase name="saveUpdateData" classname="com.jatismobile.unittest.services.unittest.OrderServiceTests" time="0.022"/>
  <testcase name="saveNewData" classname="com.jatismobile.unittest.services.unittest.OrderServiceTests" time="0.003"/>
</testsuite>